<?xml version="1.0" encoding="UTF-8"?>
<!-- Generated by org.testng.reporters.JUnitXMLReporter -->
<testsuite hostname="Nihals-MacBook-Air.local" ignored="2" name="Test" tests="4" failures="0" timestamp="06 Aug 2019 00:47:42 GMT" time="0.191" errors="0">
  <testcase name="Test1" time="0.016" classname="com.flexonJuly2019.FirstMavenProject.TestNGPractiseRegression"/>
  <testcase name="test2" time="0.004" classname="com.flexonJuly2019.FirstMavenProject.TestNGPractiseRegression"/>
  <testcase name="Test1" time="0.003" classname="com.flexonJuly2019.FirstMavenProject.TestNGPractiseSmoke"/>
  <testcase name="test2" time="0.004" classname="com.flexonJuly2019.FirstMavenProject.TestNGPractiseSmoke"/>
  <testcase name="test2" time="0.0" classname="com.flexonJuly2019.FirstMavenProject.TestNGPractiseSanity">
    <ignored/>
  </testcase> <!-- test2 -->
  <testcase name="Test2" time="0.0" classname="com.flexonJuly2019.FirstMavenProject.TestNGPractiseSanity">
    <ignored/>
  </testcase> <!-- Test2 -->
</testsuite> <!-- Test -->
