<?xml version="1.0" encoding="UTF-8"?>
<testng-results skipped="0" failed="0" ignored="0" total="1" passed="1">
  <reporter-output>
  </reporter-output>
  <suite name="Default suite" duration-ms="158" started-at="2019-08-06T18:08:40Z" finished-at="2019-08-06T18:08:40Z">
    <groups>
    </groups>
    <test name="Default test" duration-ms="158" started-at="2019-08-06T18:08:40Z" finished-at="2019-08-06T18:08:40Z">
      <class name="logging.LoggerTest">
        <test-method status="PASS" signature="getlogger()[pri:0, instance:logging.LoggerTest@61832929]" name="getlogger" is-config="true" duration-ms="96" started-at="2019-08-06T18:08:40Z" finished-at="2019-08-06T18:08:40Z">
          <reporter-output>
          </reporter-output>
        </test-method> <!-- getlogger -->
        <test-method status="PASS" signature="testLogger()[pri:0, instance:logging.LoggerTest@61832929]" name="testLogger" duration-ms="14" started-at="2019-08-06T18:08:40Z" finished-at="2019-08-06T18:08:40Z">
          <reporter-output>
          </reporter-output>
        </test-method> <!-- testLogger -->
      </class> <!-- logging.LoggerTest -->
    </test> <!-- Default test -->
  </suite> <!-- Default suite -->
</testng-results>
